<?xml version="1.0" encoding="UTF-8" ?>
<testsuite tests="21" failures="0" name="avl.AvlTreeTest" time="0.004" errors="0" skipped="0">
  <properties>
    <property name="java.runtime.name" value="Java(TM) SE Runtime Environment"/>
    <property name="java.vm.version" value="17.0.2+8-LTS-86"/>
    <property name="sun.boot.library.path" value="/Library/Java/JavaVirtualMachines/jdk-17.0.2.jdk/Contents/Home/lib"/>
    <property name="maven.multiModuleProjectDirectory" value="/Users/luisruiznunez/Downloads/avltree-master"/>
    <property name="java.vm.vendor" value="Oracle Corporation"/>
    <property name="java.vendor.url" value="https://java.oracle.com/"/>
    <property name="guice.disable.misplaced.annotation.check" value="true"/>
    <property name="path.separator" value=":"/>
    <property name="java.vm.name" value="Java HotSpot(TM) 64-Bit Server VM"/>
    <property name="user.country" value="ES"/>
    <property name="sun.java.launcher" value="SUN_STANDARD"/>
    <property name="java.vm.specification.name" value="Java Virtual Machine Specification"/>
    <property name="user.dir" value="/Users/luisruiznunez/Downloads/avltree-master"/>
    <property name="java.vm.compressedOopsMode" value="Zero based"/>
    <property name="java.runtime.version" value="17.0.2+8-LTS-86"/>
    <property name="os.arch" value="aarch64"/>
    <property name="java.io.tmpdir" value="/var/folders/h0/3mxl27rj2cx2mgjm_hw41pxm0000gn/T/"/>
    <property name="line.separator" value="
"/>
    <property name="java.vm.specification.vendor" value="Oracle Corporation"/>
    <property name="os.name" value="Mac OS X"/>
    <property name="classworlds.conf" value="/Users/luisruiznunez/apache-maven-3.8.7/bin/m2.conf"/>
    <property name="sun.jnu.encoding" value="UTF-8"/>
    <property name="java.library.path" value="/Users/luisruiznunez/Library/Java/Extensions:/Library/Java/Extensions:/Network/Library/Java/Extensions:/System/Library/Java/Extensions:/usr/lib/java:."/>
    <property name="maven.conf" value="/Users/luisruiznunez/apache-maven-3.8.7/conf"/>
    <property name="jdk.debug" value="release"/>
    <property name="java.class.version" value="61.0"/>
    <property name="java.specification.name" value="Java Platform API Specification"/>
    <property name="sun.management.compiler" value="HotSpot 64-Bit Tiered Compilers"/>
    <property name="os.version" value="13.1"/>
    <property name="library.jansi.path" value="/Users/luisruiznunez/apache-maven-3.8.7/lib/jansi-native"/>
    <property name="user.home" value="/Users/luisruiznunez"/>
    <property name="user.timezone" value="Europe/Madrid"/>
    <property name="file.encoding" value="UTF-8"/>
    <property name="java.specification.version" value="17"/>
    <property name="user.name" value="luisruiznunez"/>
    <property name="java.class.path" value="/Users/luisruiznunez/apache-maven-3.8.7/boot/plexus-classworlds-2.6.0.jar"/>
    <property name="java.vm.specification.version" value="17"/>
    <property name="sun.arch.data.model" value="64"/>
    <property name="sun.java.command" value="org.codehaus.plexus.classworlds.launcher.Launcher test"/>
    <property name="java.home" value="/Library/Java/JavaVirtualMachines/jdk-17.0.2.jdk/Contents/Home"/>
    <property name="user.language" value="es"/>
    <property name="java.specification.vendor" value="Oracle Corporation"/>
    <property name="java.vm.info" value="mixed mode, sharing"/>
    <property name="java.version" value="17.0.2"/>
    <property name="native.encoding" value="UTF-8"/>
    <property name="java.vendor" value="Oracle Corporation"/>
    <property name="sun.stderr.encoding" value="UTF-8"/>
    <property name="maven.home" value="/Users/luisruiznunez/apache-maven-3.8.7"/>
    <property name="file.separator" value="/"/>
    <property name="java.version.date" value="2022-01-18"/>
    <property name="java.vendor.url.bug" value="https://bugreport.java.com/bugreport/"/>
    <property name="sun.io.unicode.encoding" value="UnicodeBig"/>
    <property name="sun.cpu.endian" value="little"/>
    <property name="sun.stdout.encoding" value="UTF-8"/>
  </properties>
  <testcase classname="avl.AvlTreeTest" name="testInserting7_4_3_2_1" time="0.002"/>
  <testcase classname="avl.AvlTreeTest" name="testInserting7_8_9_10_11" time="0"/>
  <testcase classname="avl.AvlTreeTest" name="testDeletingNodesWithTwoLeaves" time="0"/>
  <testcase classname="avl.AvlTreeTest" name="testDeletingAndRebalancing" time="0"/>
  <testcase classname="avl.AvlTreeTest" name="testSearchNode" time="0"/>
  <testcase classname="avl.AvlTreeTest" name="testInsertingLeftLeftNodeAndRebalance" time="0"/>
  <testcase classname="avl.AvlTreeTest" name="testFindSuccessor" time="0"/>
  <testcase classname="avl.AvlTreeTest" name="testInsertingRightElement" time="0"/>
  <testcase classname="avl.AvlTreeTest" name="testInsertingLeftRightNodeAndRebalance" time="0"/>
  <testcase classname="avl.AvlTreeTest" name="testInsertTop" time="0"/>
  <testcase classname="avl.AvlTreeTest" name="testDeletingTopNode" time="0"/>
  <testcase classname="avl.AvlTreeTest" name="testInsertingRightRightNodeAndRebalance" time="0.001"/>
  <testcase classname="avl.AvlTreeTest" name="testDeletingLeafNodes" time="0"/>
  <testcase classname="avl.AvlTreeTest" name="testInsertingRightLeftNodeAndRebalance" time="0"/>
  <testcase classname="avl.AvlTreeTest" name="testCompareNodes" time="0"/>
  <testcase classname="avl.AvlTreeTest" name="testInsertingLeftElement" time="0.001"/>
  <testcase classname="avl.AvlTreeTest" name="testHeightAndBalanceOfASimpleBalancedTree" time="0"/>
  <testcase classname="avl.AvlTreeTest" name="testSearchClosestNode" time="0"/>
  <testcase classname="avl.AvlTreeTest" name="testDeletingNodesWithOneLeaf" time="0"/>
  <testcase classname="avl.AvlTreeTest" name="testInsertingRightAndLeftElementsJustAfterTop" time="0"/>
  <testcase classname="avl.AvlTreeTest" name="testAvlIsEmpty" time="0"/>
</testsuite>